<?xml version="1.0" encoding="UTF-8"?>
<!-- Generated by org.testng.reporters.JUnitReportReporter -->
<testsuite skipped="0" hostname="QA-Yatendra" name="com.iimjobs.qa.testcases.Createyourjobfeedtest" tests="3" failures="0" timestamp="23 Jan 2019 04:01:33 GMT" time="86.405" errors="0">
  <testcase name="VerifyCreateyourownjobfeedpage" time="19.928" classname="com.iimjobs.qa.testcases.Createyourjobfeedtest"/>
  <testcase name="verifyclikonITandsystemjobsandITmgmt" time="24.136" classname="com.iimjobs.qa.testcases.Createyourjobfeedtest"/>
  <testcase name="Verifyjobfeedfilter" time="42.341" classname="com.iimjobs.qa.testcases.Createyourjobfeedtest"/>
</testsuite> <!-- com.iimjobs.qa.testcases.Createyourjobfeedtest -->
