<?xml version="1.0" encoding="UTF-8"?>
<!-- Generated by org.testng.reporters.JUnitReportReporter -->
<testsuite skipped="0" hostname="QA-Yatendra" name="com.iimjobs.qa.testcases.LoginPageTest" tests="3" failures="0" timestamp="23 Jan 2019 04:01:33 GMT" time="34.115" errors="0">
  <testcase name="loginpagetitletest" time="10.311" classname="com.iimjobs.qa.testcases.LoginPageTest"/>
  <testcase name="loginheadertext" time="12.898" classname="com.iimjobs.qa.testcases.LoginPageTest"/>
  <testcase name="logintest" time="10.906" classname="com.iimjobs.qa.testcases.LoginPageTest"/>
</testsuite> <!-- com.iimjobs.qa.testcases.LoginPageTest -->
